<?xml version="1.0" encoding="UTF-8"?>
<testsuite xmlns:xsi="http://www.w3.org/2001/XMLSchema-instance" xsi:noNamespaceSchemaLocation="https://maven.apache.org/surefire/maven-surefire-plugin/xsd/surefire-test-report-3.0.xsd" version="3.0" name="TestSuite" time="44.943" tests="3" errors="0" skipped="0" failures="0">
  <properties>
    <property name="java.specification.version" value="17"/>
    <property name="sun.jnu.encoding" value="UTF-8"/>
    <property name="java.class.path" value="/Users/ravikanttyagi/Documents/Automation/POMModel/target/test-classes:/Users/ravikanttyagi/Documents/Automation/POMModel/target/classes:/Users/ravikanttyagi/.m2/repository/org/seleniumhq/selenium/selenium-java/4.0.0-rc-2/selenium-java-4.0.0-rc-2.jar:/Users/ravikanttyagi/.m2/repository/org/seleniumhq/selenium/selenium-api/4.0.0-rc-2/selenium-api-4.0.0-rc-2.jar:/Users/ravikanttyagi/.m2/repository/org/seleniumhq/selenium/selenium-chrome-driver/4.0.0-rc-2/selenium-chrome-driver-4.0.0-rc-2.jar:/Users/ravikanttyagi/.m2/repository/com/google/auto/service/auto-service-annotations/1.0/auto-service-annotations-1.0.jar:/Users/ravikanttyagi/.m2/repository/com/google/auto/service/auto-service/1.0/auto-service-1.0.jar:/Users/ravikanttyagi/.m2/repository/com/google/auto/auto-common/1.0/auto-common-1.0.jar:/Users/ravikanttyagi/.m2/repository/com/google/guava/guava/30.1.1-jre/guava-30.1.1-jre.jar:/Users/ravikanttyagi/.m2/repository/com/google/guava/failureaccess/1.0.1/failureaccess-1.0.1.jar:/Users/ravikanttyagi/.m2/repository/com/google/guava/listenablefuture/9999.0-empty-to-avoid-conflict-with-guava/listenablefuture-9999.0-empty-to-avoid-conflict-with-guava.jar:/Users/ravikanttyagi/.m2/repository/com/google/code/findbugs/jsr305/3.0.2/jsr305-3.0.2.jar:/Users/ravikanttyagi/.m2/repository/org/checkerframework/checker-qual/3.8.0/checker-qual-3.8.0.jar:/Users/ravikanttyagi/.m2/repository/com/google/errorprone/error_prone_annotations/2.5.1/error_prone_annotations-2.5.1.jar:/Users/ravikanttyagi/.m2/repository/com/google/j2objc/j2objc-annotations/1.3/j2objc-annotations-1.3.jar:/Users/ravikanttyagi/.m2/repository/org/seleniumhq/selenium/selenium-chromium-driver/4.0.0-rc-2/selenium-chromium-driver-4.0.0-rc-2.jar:/Users/ravikanttyagi/.m2/repository/org/seleniumhq/selenium/selenium-json/4.0.0-rc-2/selenium-json-4.0.0-rc-2.jar:/Users/ravikanttyagi/.m2/repository/org/seleniumhq/selenium/selenium-devtools-v85/4.0.0-rc-2/selenium-devtools-v85-4.0.0-rc-2.jar:/Users/ravikanttyagi/.m2/repository/org/seleniumhq/selenium/selenium-devtools-v93/4.0.0-rc-2/selenium-devtools-v93-4.0.0-rc-2.jar:/Users/ravikanttyagi/.m2/repository/org/seleniumhq/selenium/selenium-devtools-v94/4.0.0-rc-2/selenium-devtools-v94-4.0.0-rc-2.jar:/Users/ravikanttyagi/.m2/repository/org/seleniumhq/selenium/selenium-edge-driver/4.0.0-rc-2/selenium-edge-driver-4.0.0-rc-2.jar:/Users/ravikanttyagi/.m2/repository/org/seleniumhq/selenium/selenium-firefox-driver/4.0.0-rc-2/selenium-firefox-driver-4.0.0-rc-2.jar:/Users/ravikanttyagi/.m2/repository/org/seleniumhq/selenium/selenium-firefox-xpi-driver/4.0.0-rc-2/selenium-firefox-xpi-driver-4.0.0-rc-2.jar:/Users/ravikanttyagi/.m2/repository/org/seleniumhq/selenium/selenium-ie-driver/4.0.0-rc-2/selenium-ie-driver-4.0.0-rc-2.jar:/Users/ravikanttyagi/.m2/repository/org/seleniumhq/selenium/selenium-opera-driver/4.0.0-rc-2/selenium-opera-driver-4.0.0-rc-2.jar:/Users/ravikanttyagi/.m2/repository/org/seleniumhq/selenium/selenium-remote-driver/4.0.0-rc-2/selenium-remote-driver-4.0.0-rc-2.jar:/Users/ravikanttyagi/.m2/repository/io/netty/netty-buffer/4.1.67.Final/netty-buffer-4.1.67.Final.jar:/Users/ravikanttyagi/.m2/repository/io/netty/netty-codec-http/4.1.67.Final/netty-codec-http-4.1.67.Final.jar:/Users/ravikanttyagi/.m2/repository/io/netty/netty-codec/4.1.67.Final/netty-codec-4.1.67.Final.jar:/Users/ravikanttyagi/.m2/repository/io/netty/netty-handler/4.1.67.Final/netty-handler-4.1.67.Final.jar:/Users/ravikanttyagi/.m2/repository/io/netty/netty-common/4.1.67.Final/netty-common-4.1.67.Final.jar:/Users/ravikanttyagi/.m2/repository/io/netty/netty-transport-native-epoll/4.1.67.Final/netty-transport-native-epoll-4.1.67.Final.jar:/Users/ravikanttyagi/.m2/repository/io/netty/netty-transport-native-kqueue/4.1.67.Final/netty-transport-native-kqueue-4.1.67.Final.jar:/Users/ravikanttyagi/.m2/repository/io/netty/netty-transport-native-unix-common/4.1.67.Final/netty-transport-native-unix-common-4.1.67.Final.jar:/Users/ravikanttyagi/.m2/repository/io/netty/netty-transport/4.1.67.Final/netty-transport-4.1.67.Final.jar:/Users/ravikanttyagi/.m2/repository/io/netty/netty-resolver/4.1.67.Final/netty-resolver-4.1.67.Final.jar:/Users/ravikanttyagi/.m2/repository/io/opentelemetry/opentelemetry-api/1.5.0/opentelemetry-api-1.5.0.jar:/Users/ravikanttyagi/.m2/repository/io/opentelemetry/opentelemetry-context/1.5.0/opentelemetry-context-1.5.0.jar:/Users/ravikanttyagi/.m2/repository/io/opentelemetry/opentelemetry-exporter-logging/1.5.0/opentelemetry-exporter-logging-1.5.0.jar:/Users/ravikanttyagi/.m2/repository/io/opentelemetry/opentelemetry-sdk-metrics/1.5.0-alpha/opentelemetry-sdk-metrics-1.5.0-alpha.jar:/Users/ravikanttyagi/.m2/repository/io/opentelemetry/opentelemetry-sdk-common/1.5.0/opentelemetry-sdk-common-1.5.0.jar:/Users/ravikanttyagi/.m2/repository/io/opentelemetry/opentelemetry-sdk-extension-autoconfigure/1.5.0-alpha/opentelemetry-sdk-extension-autoconfigure-1.5.0-alpha.jar:/Users/ravikanttyagi/.m2/repository/io/opentelemetry/opentelemetry-sdk-trace/1.5.0/opentelemetry-sdk-trace-1.5.0.jar:/Users/ravikanttyagi/.m2/repository/io/opentelemetry/opentelemetry-api-metrics/1.5.0-alpha/opentelemetry-api-metrics-1.5.0-alpha.jar:/Users/ravikanttyagi/.m2/repository/io/opentelemetry/opentelemetry-sdk/1.5.0/opentelemetry-sdk-1.5.0.jar:/Users/ravikanttyagi/.m2/repository/io/opentelemetry/opentelemetry-semconv/1.5.0-alpha/opentelemetry-semconv-1.5.0-alpha.jar:/Users/ravikanttyagi/.m2/repository/io/ous/jtoml/2.0.0/jtoml-2.0.0.jar:/Users/ravikanttyagi/.m2/repository/net/bytebuddy/byte-buddy/1.11.13/byte-buddy-1.11.13.jar:/Users/ravikanttyagi/.m2/repository/org/apache/commons/commons-exec/1.3/commons-exec-1.3.jar:/Users/ravikanttyagi/.m2/repository/org/asynchttpclient/async-http-client/2.12.3/async-http-client-2.12.3.jar:/Users/ravikanttyagi/.m2/repository/org/asynchttpclient/async-http-client-netty-utils/2.12.3/async-http-client-netty-utils-2.12.3.jar:/Users/ravikanttyagi/.m2/repository/io/netty/netty-codec-socks/4.1.60.Final/netty-codec-socks-4.1.60.Final.jar:/Users/ravikanttyagi/.m2/repository/io/netty/netty-handler-proxy/4.1.60.Final/netty-handler-proxy-4.1.60.Final.jar:/Users/ravikanttyagi/.m2/repository/io/netty/netty-transport-native-epoll/4.1.60.Final/netty-transport-native-epoll-4.1.60.Final-linux-x86_64.jar:/Users/ravikanttyagi/.m2/repository/io/netty/netty-transport-native-kqueue/4.1.60.Final/netty-transport-native-kqueue-4.1.60.Final-osx-x86_64.jar:/Users/ravikanttyagi/.m2/repository/org/reactivestreams/reactive-streams/1.0.3/reactive-streams-1.0.3.jar:/Users/ravikanttyagi/.m2/repository/com/typesafe/netty/netty-reactive-streams/2.0.4/netty-reactive-streams-2.0.4.jar:/Users/ravikanttyagi/.m2/repository/com/sun/activation/jakarta.activation/1.2.2/jakarta.activation-1.2.2.jar:/Users/ravikanttyagi/.m2/repository/org/seleniumhq/selenium/selenium-http/4.0.0-rc-2/selenium-http-4.0.0-rc-2.jar:/Users/ravikanttyagi/.m2/repository/org/seleniumhq/selenium/selenium-safari-driver/4.0.0-rc-2/selenium-safari-driver-4.0.0-rc-2.jar:/Users/ravikanttyagi/.m2/repository/org/seleniumhq/selenium/selenium-support/4.0.0-rc-2/selenium-support-4.0.0-rc-2.jar:/Users/ravikanttyagi/.m2/repository/org/testng/testng/7.4.0/testng-7.4.0.jar:/Users/ravikanttyagi/.m2/repository/com/beust/jcommander/1.78/jcommander-1.78.jar:/Users/ravikanttyagi/.m2/repository/org/webjars/jquery/3.5.1/jquery-3.5.1.jar:/Users/ravikanttyagi/.m2/repository/com/relevantcodes/extentreports/2.41.2/extentreports-2.41.2.jar:/Users/ravikanttyagi/.m2/repository/org/jsoup/jsoup/1.8.3/jsoup-1.8.3.jar:/Users/ravikanttyagi/.m2/repository/org/xerial/sqlite-jdbc/3.8.11.1/sqlite-jdbc-3.8.11.1.jar:/Users/ravikanttyagi/.m2/repository/org/freemarker/freemarker/2.3.23/freemarker-2.3.23.jar:/Users/ravikanttyagi/.m2/repository/org/mongodb/mongodb-driver/3.0.4/mongodb-driver-3.0.4.jar:/Users/ravikanttyagi/.m2/repository/org/mongodb/bson/3.0.4/bson-3.0.4.jar:/Users/ravikanttyagi/.m2/repository/org/mongodb/mongodb-driver-core/3.0.4/mongodb-driver-core-3.0.4.jar:/Users/ravikanttyagi/.m2/repository/log4j/log4j/1.2.17/log4j-1.2.17.jar:/Users/ravikanttyagi/.m2/repository/org/slf4j/slf4j-simple/1.7.21/slf4j-simple-1.7.21.jar:/Users/ravikanttyagi/.m2/repository/org/slf4j/slf4j-api/1.7.21/slf4j-api-1.7.21.jar:/Users/ravikanttyagi/.m2/repository/org/apache/poi/poi/3.16-beta2/poi-3.16-beta2.jar:/Users/ravikanttyagi/.m2/repository/commons-codec/commons-codec/1.10/commons-codec-1.10.jar:/Users/ravikanttyagi/.m2/repository/org/apache/commons/commons-collections4/4.1/commons-collections4-4.1.jar:/Users/ravikanttyagi/.m2/repository/org/apache/poi/poi-ooxml/3.17/poi-ooxml-3.17.jar:/Users/ravikanttyagi/.m2/repository/com/github/virtuald/curvesapi/1.04/curvesapi-1.04.jar:/Users/ravikanttyagi/.m2/repository/org/apache/poi/poi-ooxml-schemas/4.1.2/poi-ooxml-schemas-4.1.2.jar:/Users/ravikanttyagi/.m2/repository/org/apache/xmlbeans/xmlbeans/3.1.0/xmlbeans-3.1.0.jar:/Users/ravikanttyagi/.m2/repository/org/apache/poi/poi-scratchpad/5.1.0/poi-scratchpad-5.1.0.jar:/Users/ravikanttyagi/.m2/repository/org/apache/logging/log4j/log4j-api/2.14.1/log4j-api-2.14.1.jar:/Users/ravikanttyagi/.m2/repository/org/apache/commons/commons-math3/3.6.1/commons-math3-3.6.1.jar:/Users/ravikanttyagi/.m2/repository/org/apache/poi/ooxml-schemas/1.4/ooxml-schemas-1.4.jar:/Users/ravikanttyagi/.m2/repository/org/apache/poi/openxml4j/1.0-beta/openxml4j-1.0-beta.jar:/Users/ravikanttyagi/.m2/repository/org/apache/poi/poi-excelant/5.1.0/poi-excelant-5.1.0.jar:/Users/ravikanttyagi/.m2/repository/org/apache/ant/ant/1.10.12/ant-1.10.12.jar:/Users/ravikanttyagi/.m2/repository/org/apache/ant/ant-launcher/1.10.12/ant-launcher-1.10.12.jar:/Users/ravikanttyagi/.m2/repository/commons-io/commons-io/2.6/commons-io-2.6.jar:/Users/ravikanttyagi/.m2/repository/dom4j/dom4j/1.1/dom4j-1.1.jar:"/>
    <property name="java.vm.vendor" value="Oracle Corporation"/>
    <property name="sun.arch.data.model" value="64"/>
    <property name="java.vendor.url" value="https://java.oracle.com/"/>
    <property name="os.name" value="Mac OS X"/>
    <property name="java.vm.specification.version" value="17"/>
    <property name="sun.java.launcher" value="SUN_STANDARD"/>
    <property name="user.country" value="IN"/>
    <property name="sun.boot.library.path" value="/Library/Java/JavaVirtualMachines/jdk-17.0.1.jdk/Contents/Home/lib"/>
    <property name="sun.java.command" value="/Users/ravikanttyagi/Documents/Automation/POMModel/target/surefire/surefirebooter17763965010861201353.jar /Users/ravikanttyagi/Documents/Automation/POMModel/target/surefire 2022-01-10T20-58-32_011-jvmRun1 surefire10021065576919921074tmp surefire_0783863298926922710tmp"/>
    <property name="http.nonProxyHosts" value="local|*.local|169.254/16|*.169.254/16"/>
    <property name="jdk.debug" value="release"/>
    <property name="surefire.test.class.path" value="/Users/ravikanttyagi/Documents/Automation/POMModel/target/test-classes:/Users/ravikanttyagi/Documents/Automation/POMModel/target/classes:/Users/ravikanttyagi/.m2/repository/org/seleniumhq/selenium/selenium-java/4.0.0-rc-2/selenium-java-4.0.0-rc-2.jar:/Users/ravikanttyagi/.m2/repository/org/seleniumhq/selenium/selenium-api/4.0.0-rc-2/selenium-api-4.0.0-rc-2.jar:/Users/ravikanttyagi/.m2/repository/org/seleniumhq/selenium/selenium-chrome-driver/4.0.0-rc-2/selenium-chrome-driver-4.0.0-rc-2.jar:/Users/ravikanttyagi/.m2/repository/com/google/auto/service/auto-service-annotations/1.0/auto-service-annotations-1.0.jar:/Users/ravikanttyagi/.m2/repository/com/google/auto/service/auto-service/1.0/auto-service-1.0.jar:/Users/ravikanttyagi/.m2/repository/com/google/auto/auto-common/1.0/auto-common-1.0.jar:/Users/ravikanttyagi/.m2/repository/com/google/guava/guava/30.1.1-jre/guava-30.1.1-jre.jar:/Users/ravikanttyagi/.m2/repository/com/google/guava/failureaccess/1.0.1/failureaccess-1.0.1.jar:/Users/ravikanttyagi/.m2/repository/com/google/guava/listenablefuture/9999.0-empty-to-avoid-conflict-with-guava/listenablefuture-9999.0-empty-to-avoid-conflict-with-guava.jar:/Users/ravikanttyagi/.m2/repository/com/google/code/findbugs/jsr305/3.0.2/jsr305-3.0.2.jar:/Users/ravikanttyagi/.m2/repository/org/checkerframework/checker-qual/3.8.0/checker-qual-3.8.0.jar:/Users/ravikanttyagi/.m2/repository/com/google/errorprone/error_prone_annotations/2.5.1/error_prone_annotations-2.5.1.jar:/Users/ravikanttyagi/.m2/repository/com/google/j2objc/j2objc-annotations/1.3/j2objc-annotations-1.3.jar:/Users/ravikanttyagi/.m2/repository/org/seleniumhq/selenium/selenium-chromium-driver/4.0.0-rc-2/selenium-chromium-driver-4.0.0-rc-2.jar:/Users/ravikanttyagi/.m2/repository/org/seleniumhq/selenium/selenium-json/4.0.0-rc-2/selenium-json-4.0.0-rc-2.jar:/Users/ravikanttyagi/.m2/repository/org/seleniumhq/selenium/selenium-devtools-v85/4.0.0-rc-2/selenium-devtools-v85-4.0.0-rc-2.jar:/Users/ravikanttyagi/.m2/repository/org/seleniumhq/selenium/selenium-devtools-v93/4.0.0-rc-2/selenium-devtools-v93-4.0.0-rc-2.jar:/Users/ravikanttyagi/.m2/repository/org/seleniumhq/selenium/selenium-devtools-v94/4.0.0-rc-2/selenium-devtools-v94-4.0.0-rc-2.jar:/Users/ravikanttyagi/.m2/repository/org/seleniumhq/selenium/selenium-edge-driver/4.0.0-rc-2/selenium-edge-driver-4.0.0-rc-2.jar:/Users/ravikanttyagi/.m2/repository/org/seleniumhq/selenium/selenium-firefox-driver/4.0.0-rc-2/selenium-firefox-driver-4.0.0-rc-2.jar:/Users/ravikanttyagi/.m2/repository/org/seleniumhq/selenium/selenium-firefox-xpi-driver/4.0.0-rc-2/selenium-firefox-xpi-driver-4.0.0-rc-2.jar:/Users/ravikanttyagi/.m2/repository/org/seleniumhq/selenium/selenium-ie-driver/4.0.0-rc-2/selenium-ie-driver-4.0.0-rc-2.jar:/Users/ravikanttyagi/.m2/repository/org/seleniumhq/selenium/selenium-opera-driver/4.0.0-rc-2/selenium-opera-driver-4.0.0-rc-2.jar:/Users/ravikanttyagi/.m2/repository/org/seleniumhq/selenium/selenium-remote-driver/4.0.0-rc-2/selenium-remote-driver-4.0.0-rc-2.jar:/Users/ravikanttyagi/.m2/repository/io/netty/netty-buffer/4.1.67.Final/netty-buffer-4.1.67.Final.jar:/Users/ravikanttyagi/.m2/repository/io/netty/netty-codec-http/4.1.67.Final/netty-codec-http-4.1.67.Final.jar:/Users/ravikanttyagi/.m2/repository/io/netty/netty-codec/4.1.67.Final/netty-codec-4.1.67.Final.jar:/Users/ravikanttyagi/.m2/repository/io/netty/netty-handler/4.1.67.Final/netty-handler-4.1.67.Final.jar:/Users/ravikanttyagi/.m2/repository/io/netty/netty-common/4.1.67.Final/netty-common-4.1.67.Final.jar:/Users/ravikanttyagi/.m2/repository/io/netty/netty-transport-native-epoll/4.1.67.Final/netty-transport-native-epoll-4.1.67.Final.jar:/Users/ravikanttyagi/.m2/repository/io/netty/netty-transport-native-kqueue/4.1.67.Final/netty-transport-native-kqueue-4.1.67.Final.jar:/Users/ravikanttyagi/.m2/repository/io/netty/netty-transport-native-unix-common/4.1.67.Final/netty-transport-native-unix-common-4.1.67.Final.jar:/Users/ravikanttyagi/.m2/repository/io/netty/netty-transport/4.1.67.Final/netty-transport-4.1.67.Final.jar:/Users/ravikanttyagi/.m2/repository/io/netty/netty-resolver/4.1.67.Final/netty-resolver-4.1.67.Final.jar:/Users/ravikanttyagi/.m2/repository/io/opentelemetry/opentelemetry-api/1.5.0/opentelemetry-api-1.5.0.jar:/Users/ravikanttyagi/.m2/repository/io/opentelemetry/opentelemetry-context/1.5.0/opentelemetry-context-1.5.0.jar:/Users/ravikanttyagi/.m2/repository/io/opentelemetry/opentelemetry-exporter-logging/1.5.0/opentelemetry-exporter-logging-1.5.0.jar:/Users/ravikanttyagi/.m2/repository/io/opentelemetry/opentelemetry-sdk-metrics/1.5.0-alpha/opentelemetry-sdk-metrics-1.5.0-alpha.jar:/Users/ravikanttyagi/.m2/repository/io/opentelemetry/opentelemetry-sdk-common/1.5.0/opentelemetry-sdk-common-1.5.0.jar:/Users/ravikanttyagi/.m2/repository/io/opentelemetry/opentelemetry-sdk-extension-autoconfigure/1.5.0-alpha/opentelemetry-sdk-extension-autoconfigure-1.5.0-alpha.jar:/Users/ravikanttyagi/.m2/repository/io/opentelemetry/opentelemetry-sdk-trace/1.5.0/opentelemetry-sdk-trace-1.5.0.jar:/Users/ravikanttyagi/.m2/repository/io/opentelemetry/opentelemetry-api-metrics/1.5.0-alpha/opentelemetry-api-metrics-1.5.0-alpha.jar:/Users/ravikanttyagi/.m2/repository/io/opentelemetry/opentelemetry-sdk/1.5.0/opentelemetry-sdk-1.5.0.jar:/Users/ravikanttyagi/.m2/repository/io/opentelemetry/opentelemetry-semconv/1.5.0-alpha/opentelemetry-semconv-1.5.0-alpha.jar:/Users/ravikanttyagi/.m2/repository/io/ous/jtoml/2.0.0/jtoml-2.0.0.jar:/Users/ravikanttyagi/.m2/repository/net/bytebuddy/byte-buddy/1.11.13/byte-buddy-1.11.13.jar:/Users/ravikanttyagi/.m2/repository/org/apache/commons/commons-exec/1.3/commons-exec-1.3.jar:/Users/ravikanttyagi/.m2/repository/org/asynchttpclient/async-http-client/2.12.3/async-http-client-2.12.3.jar:/Users/ravikanttyagi/.m2/repository/org/asynchttpclient/async-http-client-netty-utils/2.12.3/async-http-client-netty-utils-2.12.3.jar:/Users/ravikanttyagi/.m2/repository/io/netty/netty-codec-socks/4.1.60.Final/netty-codec-socks-4.1.60.Final.jar:/Users/ravikanttyagi/.m2/repository/io/netty/netty-handler-proxy/4.1.60.Final/netty-handler-proxy-4.1.60.Final.jar:/Users/ravikanttyagi/.m2/repository/io/netty/netty-transport-native-epoll/4.1.60.Final/netty-transport-native-epoll-4.1.60.Final-linux-x86_64.jar:/Users/ravikanttyagi/.m2/repository/io/netty/netty-transport-native-kqueue/4.1.60.Final/netty-transport-native-kqueue-4.1.60.Final-osx-x86_64.jar:/Users/ravikanttyagi/.m2/repository/org/reactivestreams/reactive-streams/1.0.3/reactive-streams-1.0.3.jar:/Users/ravikanttyagi/.m2/repository/com/typesafe/netty/netty-reactive-streams/2.0.4/netty-reactive-streams-2.0.4.jar:/Users/ravikanttyagi/.m2/repository/com/sun/activation/jakarta.activation/1.2.2/jakarta.activation-1.2.2.jar:/Users/ravikanttyagi/.m2/repository/org/seleniumhq/selenium/selenium-http/4.0.0-rc-2/selenium-http-4.0.0-rc-2.jar:/Users/ravikanttyagi/.m2/repository/org/seleniumhq/selenium/selenium-safari-driver/4.0.0-rc-2/selenium-safari-driver-4.0.0-rc-2.jar:/Users/ravikanttyagi/.m2/repository/org/seleniumhq/selenium/selenium-support/4.0.0-rc-2/selenium-support-4.0.0-rc-2.jar:/Users/ravikanttyagi/.m2/repository/org/testng/testng/7.4.0/testng-7.4.0.jar:/Users/ravikanttyagi/.m2/repository/com/beust/jcommander/1.78/jcommander-1.78.jar:/Users/ravikanttyagi/.m2/repository/org/webjars/jquery/3.5.1/jquery-3.5.1.jar:/Users/ravikanttyagi/.m2/repository/com/relevantcodes/extentreports/2.41.2/extentreports-2.41.2.jar:/Users/ravikanttyagi/.m2/repository/org/jsoup/jsoup/1.8.3/jsoup-1.8.3.jar:/Users/ravikanttyagi/.m2/repository/org/xerial/sqlite-jdbc/3.8.11.1/sqlite-jdbc-3.8.11.1.jar:/Users/ravikanttyagi/.m2/repository/org/freemarker/freemarker/2.3.23/freemarker-2.3.23.jar:/Users/ravikanttyagi/.m2/repository/org/mongodb/mongodb-driver/3.0.4/mongodb-driver-3.0.4.jar:/Users/ravikanttyagi/.m2/repository/org/mongodb/bson/3.0.4/bson-3.0.4.jar:/Users/ravikanttyagi/.m2/repository/org/mongodb/mongodb-driver-core/3.0.4/mongodb-driver-core-3.0.4.jar:/Users/ravikanttyagi/.m2/repository/log4j/log4j/1.2.17/log4j-1.2.17.jar:/Users/ravikanttyagi/.m2/repository/org/slf4j/slf4j-simple/1.7.21/slf4j-simple-1.7.21.jar:/Users/ravikanttyagi/.m2/repository/org/slf4j/slf4j-api/1.7.21/slf4j-api-1.7.21.jar:/Users/ravikanttyagi/.m2/repository/org/apache/poi/poi/3.16-beta2/poi-3.16-beta2.jar:/Users/ravikanttyagi/.m2/repository/commons-codec/commons-codec/1.10/commons-codec-1.10.jar:/Users/ravikanttyagi/.m2/repository/org/apache/commons/commons-collections4/4.1/commons-collections4-4.1.jar:/Users/ravikanttyagi/.m2/repository/org/apache/poi/poi-ooxml/3.17/poi-ooxml-3.17.jar:/Users/ravikanttyagi/.m2/repository/com/github/virtuald/curvesapi/1.04/curvesapi-1.04.jar:/Users/ravikanttyagi/.m2/repository/org/apache/poi/poi-ooxml-schemas/4.1.2/poi-ooxml-schemas-4.1.2.jar:/Users/ravikanttyagi/.m2/repository/org/apache/xmlbeans/xmlbeans/3.1.0/xmlbeans-3.1.0.jar:/Users/ravikanttyagi/.m2/repository/org/apache/poi/poi-scratchpad/5.1.0/poi-scratchpad-5.1.0.jar:/Users/ravikanttyagi/.m2/repository/org/apache/logging/log4j/log4j-api/2.14.1/log4j-api-2.14.1.jar:/Users/ravikanttyagi/.m2/repository/org/apache/commons/commons-math3/3.6.1/commons-math3-3.6.1.jar:/Users/ravikanttyagi/.m2/repository/org/apache/poi/ooxml-schemas/1.4/ooxml-schemas-1.4.jar:/Users/ravikanttyagi/.m2/repository/org/apache/poi/openxml4j/1.0-beta/openxml4j-1.0-beta.jar:/Users/ravikanttyagi/.m2/repository/org/apache/poi/poi-excelant/5.1.0/poi-excelant-5.1.0.jar:/Users/ravikanttyagi/.m2/repository/org/apache/ant/ant/1.10.12/ant-1.10.12.jar:/Users/ravikanttyagi/.m2/repository/org/apache/ant/ant-launcher/1.10.12/ant-launcher-1.10.12.jar:/Users/ravikanttyagi/.m2/repository/commons-io/commons-io/2.6/commons-io-2.6.jar:/Users/ravikanttyagi/.m2/repository/dom4j/dom4j/1.1/dom4j-1.1.jar:"/>
    <property name="sun.cpu.endian" value="little"/>
    <property name="user.home" value="/Users/ravikanttyagi"/>
    <property name="user.language" value="en"/>
    <property name="java.specification.vendor" value="Oracle Corporation"/>
    <property name="java.version.date" value="2021-10-19"/>
    <property name="java.home" value="/Library/Java/JavaVirtualMachines/jdk-17.0.1.jdk/Contents/Home"/>
    <property name="file.separator" value="/"/>
    <property name="basedir" value="/Users/ravikanttyagi/Documents/Automation/POMModel"/>
    <property name="java.vm.compressedOopsMode" value="Zero based"/>
    <property name="line.separator" value="&#10;"/>
    <property name="java.specification.name" value="Java Platform API Specification"/>
    <property name="java.vm.specification.vendor" value="Oracle Corporation"/>
    <property name="surefire.real.class.path" value="/Users/ravikanttyagi/Documents/Automation/POMModel/target/surefire/surefirebooter17763965010861201353.jar"/>
    <property name="sun.management.compiler" value="HotSpot 64-Bit Tiered Compilers"/>
    <property name="ftp.nonProxyHosts" value="local|*.local|169.254/16|*.169.254/16"/>
    <property name="java.runtime.version" value="17.0.1+12-LTS-39"/>
    <property name="user.name" value="ravikanttyagi"/>
    <property name="path.separator" value=":"/>
    <property name="os.version" value="12.0.1"/>
    <property name="java.runtime.name" value="Java(TM) SE Runtime Environment"/>
    <property name="file.encoding" value="UTF-8"/>
    <property name="java.vm.name" value="Java HotSpot(TM) 64-Bit Server VM"/>
    <property name="localRepository" value="/Users/ravikanttyagi/.m2/repository"/>
    <property name="java.vendor.url.bug" value="https://bugreport.java.com/bugreport/"/>
    <property name="java.io.tmpdir" value="/var/folders/fb/ckdbzf893z58zl_55_rd_2200000gp/T/"/>
    <property name="java.version" value="17.0.1"/>
    <property name="user.dir" value="/Users/ravikanttyagi/Documents/Automation/POMModel"/>
    <property name="os.arch" value="aarch64"/>
    <property name="java.vm.specification.name" value="Java Virtual Machine Specification"/>
    <property name="native.encoding" value="UTF-8"/>
    <property name="java.library.path" value="/Users/ravikanttyagi/Library/Java/Extensions:/Library/Java/Extensions:/Network/Library/Java/Extensions:/System/Library/Java/Extensions:/usr/lib/java:."/>
    <property name="java.vm.info" value="mixed mode, sharing"/>
    <property name="java.vendor" value="Oracle Corporation"/>
    <property name="java.vm.version" value="17.0.1+12-LTS-39"/>
    <property name="sun.io.unicode.encoding" value="UnicodeBig"/>
    <property name="socksNonProxyHosts" value="local|*.local|169.254/16|*.169.254/16"/>
    <property name="java.class.version" value="61.0"/>
  </properties>
  <testcase name="LoginPageTitle" classname="com.magplus.testcases.LoginPageTest" time="0.009"/>
  <testcase name="LogoPresent" classname="com.magplus.testcases.LoginPageTest" time="0.032"/>
  <testcase name="PublishLogin" classname="com.magplus.testcases.LoginPageTest" time="8.299"/>
</testsuite>