<?xml version="1.0" encoding="UTF-8"?>
<!-- Generated by org.testng.reporters.JUnitReportReporter -->
<testsuite hostname="192.168.1.3" failures="0" tests="2" name="com.magplus.testcases.BrandPageTest" time="36.228" errors="0" timestamp="2022-01-04T09:55:52 IST" skipped="0">
  <testcase classname="com.magplus.testcases.BrandPageTest" name="VerifyBrandTest" time="16.725"/>
  <system-out/>
  <testcase classname="com.magplus.testcases.BrandPageTest" name="Issuetab" time="19.503"/>
  <system-out/>
</testsuite> <!-- com.magplus.testcases.BrandPageTest -->
