<?xml version="1.0" encoding="UTF-8"?>
<!-- Generated by org.testng.reporters.JUnitReportReporter -->
<testsuite skipped="1" hostname="192.168.1.2" name="com.magplus.testcases.LoginWithTestData" tests="1" failures="0" timestamp="2021-12-08T18:16:56 IST" time="0.000" errors="0">
  <testcase name="MultipleLogin" time="0.000" classname="com.magplus.testcases.LoginWithTestData">
    <skipped/>
  </testcase> <!-- MultipleLogin -->
  <system-out/>
</testsuite> <!-- com.magplus.testcases.LoginWithTestData -->
