<?xml version="1.0" encoding="UTF-8"?>
<!-- Generated by org.testng.reporters.JUnitReportReporter -->
<testsuite hostname="192.168.1.3" failures="0" tests="2" name="com.magplus.testcases.HomePageTest" time="33.502" errors="0" timestamp="2022-01-04T09:55:52 IST" skipped="0">
  <testcase classname="com.magplus.testcases.HomePageTest" name="validateHomePageTest" time="15.461"/>
  <system-out/>
  <testcase classname="com.magplus.testcases.HomePageTest" name="BrandlinkTest" time="18.041"/>
  <system-out/>
</testsuite> <!-- com.magplus.testcases.HomePageTest -->
