<?xml version="1.0" encoding="UTF-8"?>
<!-- Generated by org.testng.reporters.JUnitReportReporter -->
<testsuite hostname="mpsadmins-MacBook-Air.local" failures="0" tests="3" name="com.magplus.testcases.LoginPageTest" time="44.481" errors="0" timestamp="2022-01-10T20:59:17 IST" skipped="0">
  <testcase classname="com.magplus.testcases.LoginPageTest" name="LoginPageTitle" time="9.691"/>
  <system-out/>
  <testcase classname="com.magplus.testcases.LoginPageTest" name="LogoPresent" time="14.089"/>
  <system-out/>
  <testcase classname="com.magplus.testcases.LoginPageTest" name="PublishLogin" time="20.701"/>
  <system-out/>
</testsuite> <!-- com.magplus.testcases.LoginPageTest -->
